<?xml version="1.0" encoding="UTF-8"?>
<!-- Generated by org.testng.reporters.JUnitReportReporter -->
<testsuite hostname="MuhammedAtya" failures="0" tests="1" name="tests.TestScroll" time="0.182" errors="1" timestamp="2024-05-05T00:56:07 EEST" skipped="0">
  <testcase classname="tests.TestScroll" name="test" time="0.182">
    <error type="java.lang.StackOverflowError">
      <![CDATA[java.lang.StackOverflowError
at pages.HomePage.scrollToElement(HomePage.java:78)
at pages.HomePage.scrollToElement(HomePage.java:78)
at pages.HomePage.scrollToElement(HomePage.java:78)
at pages.HomePage.scrollToElement(HomePage.java:78)
at pages.HomePage.scrollToElement(HomePage.java:78)
at pages.HomePage.scrollToElement(HomePage.java:78)
at pages.HomePage.scrollToElement(HomePage.java:78)
at pages.HomePage.scrollToElement(HomePage.java:78)
at pages.HomePage.scrollToElement(HomePage.java:78)
at pages.HomePage.scrollToElement(HomePage.java:78)
at pages.HomePage.scrollToElement(HomePage.java:78)
at pages.HomePage.scrollToElement(HomePage.java:78)
at pages.HomePage.scrollToElement(HomePage.java:78)
at pages.HomePage.scrollToElement(HomePage.java:78)
at pages.HomePage.scrollToElement(HomePage.java:78)
at pages.HomePage.scrollToElement(HomePage.java:78)
at pages.HomePage.scrollToElement(HomePage.java:78)
at pages.HomePage.scrollToElement(HomePage.java:78)
at pages.HomePage.scrollToElement(HomePage.java:78)
at pages.HomePage.scrollToElement(HomePage.java:78)
at pages.HomePage.scrollToElement(HomePage.java:78)
at pages.HomePage.scrollToElement(HomePage.java:78)
at pages.HomePage.scrollToElement(HomePage.java:78)
at pages.HomePage.scrollToElement(HomePage.java:78)
at pages.HomePage.scrollToElement(HomePage.java:78)
at pages.HomePage.scrollToElement(HomePage.java:78)
at pages.HomePage.scrollToElement(HomePage.java:78)
at pages.HomePage.scrollToElement(HomePage.java:78)
at pages.HomePage.scrollToElement(HomePage.java:78)
at pages.HomePage.scrollToElement(HomePage.java:78)
at pages.HomePage.scrollToElement(HomePage.java:78)
at pages.HomePage.scrollToElement(HomePage.java:78)
at pages.HomePage.scrollToElement(HomePage.java:78)
at pages.HomePage.scrollToElement(HomePage.java:78)
at pages.HomePage.scrollToElement(HomePage.java:78)
at pages.HomePage.scrollToElement(HomePage.java:78)
at pages.HomePage.scrollToElement(HomePage.java:78)
at pages.HomePage.scrollToElement(HomePage.java:78)
at pages.HomePage.scrollToElement(HomePage.java:78)
at pages.HomePage.scrollToElement(HomePage.java:78)
at pages.HomePage.scrollToElement(HomePage.java:78)
at pages.HomePage.scrollToElement(HomePage.java:78)
at pages.HomePage.scrollToElement(HomePage.java:78)
at pages.HomePage.scrollToElement(HomePage.java:78)
at pages.HomePage.scrollToElement(HomePage.java:78)
at pages.HomePage.scrollToElement(HomePage.java:78)
at pages.HomePage.scrollToElement(HomePage.java:78)
at pages.HomePage.scrollToElement(HomePage.java:78)
at pages.HomePage.scrollToElement(HomePage.java:78)
at pages.HomePage.scrollToElement(HomePage.java:78)
at pages.HomePage.scrollToElement(HomePage.java:78)
at pages.HomePage.scrollToElement(HomePage.java:78)
at pages.HomePage.scrollToElement(HomePage.java:78)
at pages.HomePage.scrollToElement(HomePage.java:78)
at pages.HomePage.scrollToElement(HomePage.java:78)
at pages.HomePage.scrollToElement(HomePage.java:78)
at pages.HomePage.scrollToElement(HomePage.java:78)
at pages.HomePage.scrollToElement(HomePage.java:78)
at pages.HomePage.scrollToElement(HomePage.java:78)
at pages.HomePage.scrollToElement(HomePage.java:78)
at pages.HomePage.scrollToElement(HomePage.java:78)
at pages.HomePage.scrollToElement(HomePage.java:78)
at pages.HomePage.scrollToElement(HomePage.java:78)
at pages.HomePage.scrollToElement(HomePage.java:78)
at pages.HomePage.scrollToElement(HomePage.java:78)
at pages.HomePage.scrollToElement(HomePage.java:78)
at pages.HomePage.scrollToElement(HomePage.java:78)
at pages.HomePage.scrollToElement(HomePage.java:78)
at pages.HomePage.scrollToElement(HomePage.java:78)
at pages.HomePage.scrollToElement(HomePage.java:78)
at pages.HomePage.scrollToElement(HomePage.java:78)
at pages.HomePage.scrollToElement(HomePage.java:78)
at pages.HomePage.scrollToElement(HomePage.java:78)
at pages.HomePage.scrollToElement(HomePage.java:78)
at pages.HomePage.scrollToElement(HomePage.java:78)
at pages.HomePage.scrollToElement(HomePage.java:78)
at pages.HomePage.scrollToElement(HomePage.java:78)
at pages.HomePage.scrollToElement(HomePage.java:78)
at pages.HomePage.scrollToElement(HomePage.java:78)
at pages.HomePage.scrollToElement(HomePage.java:78)
at pages.HomePage.scrollToElement(HomePage.java:78)
at pages.HomePage.scrollToElement(HomePage.java:78)
at pages.HomePage.scrollToElement(HomePage.java:78)
at pages.HomePage.scrollToElement(HomePage.java:78)
at pages.HomePage.scrollToElement(HomePage.java:78)
at pages.HomePage.scrollToElement(HomePage.java:78)
at pages.HomePage.scrollToElement(HomePage.java:78)
at pages.HomePage.scrollToElement(HomePage.java:78)
at pages.HomePage.scrollToElement(HomePage.java:78)
at pages.HomePage.scrollToElement(HomePage.java:78)
at pages.HomePage.scrollToElement(HomePage.java:78)
at pages.HomePage.scrollToElement(HomePage.java:78)
at pages.HomePage.scrollToElement(HomePage.java:78)
at pages.HomePage.scrollToElement(HomePage.java:78)
at pages.HomePage.scrollToElement(HomePage.java:78)
at pages.HomePage.scrollToElement(HomePage.java:78)
at pages.HomePage.scrollToElement(HomePage.java:78)
at pages.HomePage.scrollToElement(HomePage.java:78)
at pages.HomePage.scrollToElement(HomePage.java:78)
at pages.HomePage.scrollToElement(HomePage.java:78)
at pages.HomePage.scrollToElement(HomePage.java:78)
at pages.HomePage.scrollToElement(HomePage.java:78)
at pages.HomePage.scrollToElement(HomePage.java:78)
at pages.HomePage.scrollToElement(HomePage.java:78)
at pages.HomePage.scrollToElement(HomePage.java:78)
at pages.HomePage.scrollToElement(HomePage.java:78)
at pages.HomePage.scrollToElement(HomePage.java:78)
at pages.HomePage.scrollToElement(HomePage.java:78)
at pages.HomePage.scrollToElement(HomePage.java:78)
at pages.HomePage.scrollToElement(HomePage.java:78)
at pages.HomePage.scrollToElement(HomePage.java:78)
at pages.HomePage.scrollToElement(HomePage.java:78)
at pages.HomePage.scrollToElement(HomePage.java:78)
at pages.HomePage.scrollToElement(HomePage.java:78)
at pages.HomePage.scrollToElement(HomePage.java:78)
at pages.HomePage.scrollToElement(HomePage.java:78)
at pages.HomePage.scrollToElement(HomePage.java:78)
at pages.HomePage.scrollToElement(HomePage.java:78)
at pages.HomePage.scrollToElement(HomePage.java:78)
at pages.HomePage.scrollToElement(HomePage.java:78)
at pages.HomePage.scrollToElement(HomePage.java:78)
at pages.HomePage.scrollToElement(HomePage.java:78)
at pages.HomePage.scrollToElement(HomePage.java:78)
at pages.HomePage.scrollToElement(HomePage.java:78)
at pages.HomePage.scrollToElement(HomePage.java:78)
at pages.HomePage.scrollToElement(HomePage.java:78)
at pages.HomePage.scrollToElement(HomePage.java:78)
at pages.HomePage.scrollToElement(HomePage.java:78)
at pages.HomePage.scrollToElement(HomePage.java:78)
at pages.HomePage.scrollToElement(HomePage.java:78)
at pages.HomePage.scrollToElement(HomePage.java:78)
at pages.HomePage.scrollToElement(HomePage.java:78)
at pages.HomePage.scrollToElement(HomePage.java:78)
at pages.HomePage.scrollToElement(HomePage.java:78)
at pages.HomePage.scrollToElement(HomePage.java:78)
at pages.HomePage.scrollToElement(HomePage.java:78)
at pages.HomePage.scrollToElement(HomePage.java:78)
at pages.HomePage.scrollToElement(HomePage.java:78)
at pages.HomePage.scrollToElement(HomePage.java:78)
at pages.HomePage.scrollToElement(HomePage.java:78)
at pages.HomePage.scrollToElement(HomePage.java:78)
at pages.HomePage.scrollToElement(HomePage.java:78)
at pages.HomePage.scrollToElement(HomePage.java:78)
at pages.HomePage.scrollToElement(HomePage.java:78)
at pages.HomePage.scrollToElement(HomePage.java:78)
at pages.HomePage.scrollToElement(HomePage.java:78)
at pages.HomePage.scrollToElement(HomePage.java:78)
at pages.HomePage.scrollToElement(HomePage.java:78)
at pages.HomePage.scrollToElement(HomePage.java:78)
at pages.HomePage.scrollToElement(HomePage.java:78)
at pages.HomePage.scrollToElement(HomePage.java:78)
at pages.HomePage.scrollToElement(HomePage.java:78)
at pages.HomePage.scrollToElement(HomePage.java:78)
at pages.HomePage.scrollToElement(HomePage.java:78)
at pages.HomePage.scrollToElement(HomePage.java:78)
at pages.HomePage.scrollToElement(HomePage.java:78)
at pages.HomePage.scrollToElement(HomePage.java:78)
at pages.HomePage.scrollToElement(HomePage.java:78)
at pages.HomePage.scrollToElement(HomePage.java:78)
at pages.HomePage.scrollToElement(HomePage.java:78)
at pages.HomePage.scrollToElement(HomePage.java:78)
at pages.HomePage.scrollToElement(HomePage.java:78)
at pages.HomePage.scrollToElement(HomePage.java:78)
at pages.HomePage.scrollToElement(HomePage.java:78)
at pages.HomePage.scrollToElement(HomePage.java:78)
at pages.HomePage.scrollToElement(HomePage.java:78)
at pages.HomePage.scrollToElement(HomePage.java:78)
at pages.HomePage.scrollToElement(HomePage.java:78)
at pages.HomePage.scrollToElement(HomePage.java:78)
at pages.HomePage.scrollToElement(HomePage.java:78)
at pages.HomePage.scrollToElement(HomePage.java:78)
at pages.HomePage.scrollToElement(HomePage.java:78)
at pages.HomePage.scrollToElement(HomePage.java:78)
at pages.HomePage.scrollToElement(HomePage.java:78)
at pages.HomePage.scrollToElement(HomePage.java:78)
at pages.HomePage.scrollToElement(HomePage.java:78)
at pages.HomePage.scrollToElement(HomePage.java:78)
at pages.HomePage.scrollToElement(HomePage.java:78)
at pages.HomePage.scrollToElement(HomePage.java:78)
at pages.HomePage.scrollToElement(HomePage.java:78)
at pages.HomePage.scrollToElement(HomePage.java:78)
at pages.HomePage.scrollToElement(HomePage.java:78)
at pages.HomePage.scrollToElement(HomePage.java:78)
at pages.HomePage.scrollToElement(HomePage.java:78)
at pages.HomePage.scrollToElement(HomePage.java:78)
at pages.HomePage.scrollToElement(HomePage.java:78)
at pages.HomePage.scrollToElement(HomePage.java:78)
at pages.HomePage.scrollToElement(HomePage.java:78)
at pages.HomePage.scrollToElement(HomePage.java:78)
at pages.HomePage.scrollToElement(HomePage.java:78)
at pages.HomePage.scrollToElement(HomePage.java:78)
at pages.HomePage.scrollToElement(HomePage.java:78)
at pages.HomePage.scrollToElement(HomePage.java:78)
at pages.HomePage.scrollToElement(HomePage.java:78)
at pages.HomePage.scrollToElement(HomePage.java:78)
at pages.HomePage.scrollToElement(HomePage.java:78)
at pages.HomePage.scrollToElement(HomePage.java:78)
at pages.HomePage.scrollToElement(HomePage.java:78)
at pages.HomePage.scrollToElement(HomePage.java:78)
at pages.HomePage.scrollToElement(HomePage.java:78)
at pages.HomePage.scrollToElement(HomePage.java:78)
at pages.HomePage.scrollToElement(HomePage.java:78)
at pages.HomePage.scrollToElement(HomePage.java:78)
at pages.HomePage.scrollToElement(HomePage.java:78)
at pages.HomePage.scrollToElement(HomePage.java:78)
at pages.HomePage.scrollToElement(HomePage.java:78)
at pages.HomePage.scrollToElement(HomePage.java:78)
at pages.HomePage.scrollToElement(HomePage.java:78)
at pages.HomePage.scrollToElement(HomePage.java:78)
at pages.HomePage.scrollToElement(HomePage.java:78)
at pages.HomePage.scrollToElement(HomePage.java:78)
at pages.HomePage.scrollToElement(HomePage.java:78)
at pages.HomePage.scrollToElement(HomePage.java:78)
at pages.HomePage.scrollToElement(HomePage.java:78)
at pages.HomePage.scrollToElement(HomePage.java:78)
at pages.HomePage.scrollToElement(HomePage.java:78)
at pages.HomePage.scrollToElement(HomePage.java:78)
at pages.HomePage.scrollToElement(HomePage.java:78)
at pages.HomePage.scrollToElement(HomePage.java:78)
at pages.HomePage.scrollToElement(HomePage.java:78)
at pages.HomePage.scrollToElement(HomePage.java:78)
at pages.HomePage.scrollToElement(HomePage.java:78)
at pages.HomePage.scrollToElement(HomePage.java:78)
at pages.HomePage.scrollToElement(HomePage.java:78)
at pages.HomePage.scrollToElement(HomePage.java:78)
at pages.HomePage.scrollToElement(HomePage.java:78)
at pages.HomePage.scrollToElement(HomePage.java:78)
at pages.HomePage.scrollToElement(HomePage.java:78)
at pages.HomePage.scrollToElement(HomePage.java:78)
at pages.HomePage.scrollToElement(HomePage.java:78)
at pages.HomePage.scrollToElement(HomePage.java:78)
at pages.HomePage.scrollToElement(HomePage.java:78)
at pages.HomePage.scrollToElement(HomePage.java:78)
at pages.HomePage.scrollToElement(HomePage.java:78)
at pages.HomePage.scrollToElement(HomePage.java:78)
at pages.HomePage.scrollToElement(HomePage.java:78)
at pages.HomePage.scrollToElement(HomePage.java:78)
at pages.HomePage.scrollToElement(HomePage.java:78)
at pages.HomePage.scrollToElement(HomePage.java:78)
at pages.HomePage.scrollToElement(HomePage.java:78)
at pages.HomePage.scrollToElement(HomePage.java:78)
at pages.HomePage.scrollToElement(HomePage.java:78)
at pages.HomePage.scrollToElement(HomePage.java:78)
at pages.HomePage.scrollToElement(HomePage.java:78)
at pages.HomePage.scrollToElement(HomePage.java:78)
at pages.HomePage.scrollToElement(HomePage.java:78)
at pages.HomePage.scrollToElement(HomePage.java:78)
at pages.HomePage.scrollToElement(HomePage.java:78)
at pages.HomePage.scrollToElement(HomePage.java:78)
at pages.HomePage.scrollToElement(HomePage.java:78)
at pages.HomePage.scrollToElement(HomePage.java:78)
at pages.HomePage.scrollToElement(HomePage.java:78)
at pages.HomePage.scrollToElement(HomePage.java:78)
at pages.HomePage.scrollToElement(HomePage.java:78)
at pages.HomePage.scrollToElement(HomePage.java:78)
at pages.HomePage.scrollToElement(HomePage.java:78)
at pages.HomePage.scrollToElement(HomePage.java:78)
at pages.HomePage.scrollToElement(HomePage.java:78)
at pages.HomePage.scrollToElement(HomePage.java:78)
at pages.HomePage.scrollToElement(HomePage.java:78)
at pages.HomePage.scrollToElement(HomePage.java:78)
at pages.HomePage.scrollToElement(HomePage.java:78)
at pages.HomePage.scrollToElement(HomePage.java:78)
at pages.HomePage.scrollToElement(HomePage.java:78)
at pages.HomePage.scrollToElement(HomePage.java:78)
at pages.HomePage.scrollToElement(HomePage.java:78)
at pages.HomePage.scrollToElement(HomePage.java:78)
at pages.HomePage.scrollToElement(HomePage.java:78)
at pages.HomePage.scrollToElement(HomePage.java:78)
at pages.HomePage.scrollToElement(HomePage.java:78)
at pages.HomePage.scrollToElement(HomePage.java:78)
at pages.HomePage.scrollToElement(HomePage.java:78)
at pages.HomePage.scrollToElement(HomePage.java:78)
at pages.HomePage.scrollToElement(HomePage.java:78)
at pages.HomePage.scrollToElement(HomePage.java:78)
at pages.HomePage.scrollToElement(HomePage.java:78)
at pages.HomePage.scrollToElement(HomePage.java:78)
at pages.HomePage.scrollToElement(HomePage.java:78)
at pages.HomePage.scrollToElement(HomePage.java:78)
at pages.HomePage.scrollToElement(HomePage.java:78)
at pages.HomePage.scrollToElement(HomePage.java:78)
at pages.HomePage.scrollToElement(HomePage.java:78)
at pages.HomePage.scrollToElement(HomePage.java:78)
at pages.HomePage.scrollToElement(HomePage.java:78)
at pages.HomePage.scrollToElement(HomePage.java:78)
at pages.HomePage.scrollToElement(HomePage.java:78)
at pages.HomePage.scrollToElement(HomePage.java:78)
at pages.HomePage.scrollToElement(HomePage.java:78)
at pages.HomePage.scrollToElement(HomePage.java:78)
at pages.HomePage.scrollToElement(HomePage.java:78)
at pages.HomePage.scrollToElement(HomePage.java:78)
at pages.HomePage.scrollToElement(HomePage.java:78)
at pages.HomePage.scrollToElement(HomePage.java:78)
at pages.HomePage.scrollToElement(HomePage.java:78)
at pages.HomePage.scrollToElement(HomePage.java:78)
at pages.HomePage.scrollToElement(HomePage.java:78)
at pages.HomePage.scrollToElement(HomePage.java:78)
at pages.HomePage.scrollToElement(HomePage.java:78)
at pages.HomePage.scrollToElement(HomePage.java:78)
at pages.HomePage.scrollToElement(HomePage.java:78)
at pages.HomePage.scrollToElement(HomePage.java:78)
at pages.HomePage.scrollToElement(HomePage.java:78)
at pages.HomePage.scrollToElement(HomePage.java:78)
at pages.HomePage.scrollToElement(HomePage.java:78)
at pages.HomePage.scrollToElement(HomePage.java:78)
at pages.HomePage.scrollToElement(HomePage.java:78)
at pages.HomePage.scrollToElement(HomePage.java:78)
at pages.HomePage.scrollToElement(HomePage.java:78)
at pages.HomePage.scrollToElement(HomePage.java:78)
at pages.HomePage.scrollToElement(HomePage.java:78)
at pages.HomePage.scrollToElement(HomePage.java:78)
at pages.HomePage.scrollToElement(HomePage.java:78)
at pages.HomePage.scrollToElement(HomePage.java:78)
at pages.HomePage.scrollToElement(HomePage.java:78)
at pages.HomePage.scrollToElement(HomePage.java:78)
at pages.HomePage.scrollToElement(HomePage.java:78)
at pages.HomePage.scrollToElement(HomePage.java:78)
at pages.HomePage.scrollToElement(HomePage.java:78)
at pages.HomePage.scrollToElement(HomePage.java:78)
at pages.HomePage.scrollToElement(HomePage.java:78)
at pages.HomePage.scrollToElement(HomePage.java:78)
at pages.HomePage.scrollToElement(HomePage.java:78)
at pages.HomePage.scrollToElement(HomePage.java:78)
at pages.HomePage.scrollToElement(HomePage.java:78)
at pages.HomePage.scrollToElement(HomePage.java:78)
at pages.HomePage.scrollToElement(HomePage.java:78)
at pages.HomePage.scrollToElement(HomePage.java:78)
at pages.HomePage.scrollToElement(HomePage.java:78)
at pages.HomePage.scrollToElement(HomePage.java:78)
at pages.HomePage.scrollToElement(HomePage.java:78)
at pages.HomePage.scrollToElement(HomePage.java:78)
at pages.HomePage.scrollToElement(HomePage.java:78)
at pages.HomePage.scrollToElement(HomePage.java:78)
at pages.HomePage.scrollToElement(HomePage.java:78)
at pages.HomePage.scrollToElement(HomePage.java:78)
at pages.HomePage.scrollToElement(HomePage.java:78)
at pages.HomePage.scrollToElement(HomePage.java:78)
at pages.HomePage.scrollToElement(HomePage.java:78)
at pages.HomePage.scrollToElement(HomePage.java:78)
at pages.HomePage.scrollToElement(HomePage.java:78)
at pages.HomePage.scrollToElement(HomePage.java:78)
at pages.HomePage.scrollToElement(HomePage.java:78)
at pages.HomePage.scrollToElement(HomePage.java:78)
at pages.HomePage.scrollToElement(HomePage.java:78)
at pages.HomePage.scrollToElement(HomePage.java:78)
at pages.HomePage.scrollToElement(HomePage.java:78)
at pages.HomePage.scrollToElement(HomePage.java:78)
at pages.HomePage.scrollToElement(HomePage.java:78)
at pages.HomePage.scrollToElement(HomePage.java:78)
at pages.HomePage.scrollToElement(HomePage.java:78)
at pages.HomePage.scrollToElement(HomePage.java:78)
at pages.HomePage.scrollToElement(HomePage.java:78)
at pages.HomePage.scrollToElement(HomePage.java:78)
at pages.HomePage.scrollToElement(HomePage.java:78)
at pages.HomePage.scrollToElement(HomePage.java:78)
at pages.HomePage.scrollToElement(HomePage.java:78)
at pages.HomePage.scrollToElement(HomePage.java:78)
at pages.HomePage.scrollToElement(HomePage.java:78)
at pages.HomePage.scrollToElement(HomePage.java:78)
at pages.HomePage.scrollToElement(HomePage.java:78)
at pages.HomePage.scrollToElement(HomePage.java:78)
at pages.HomePage.scrollToElement(HomePage.java:78)
at pages.HomePage.scrollToElement(HomePage.java:78)
at pages.HomePage.scrollToElement(HomePage.java:78)
at pages.HomePage.scrollToElement(HomePage.java:78)
at pages.HomePage.scrollToElement(HomePage.java:78)
at pages.HomePage.scrollToElement(HomePage.java:78)
at pages.HomePage.scrollToElement(HomePage.java:78)
at pages.HomePage.scrollToElement(HomePage.java:78)
at pages.HomePage.scrollToElement(HomePage.java:78)
at pages.HomePage.scrollToElement(HomePage.java:78)
at pages.HomePage.scrollToElement(HomePage.java:78)
at pages.HomePage.scrollToElement(HomePage.java:78)
at pages.HomePage.scrollToElement(HomePage.java:78)
at pages.HomePage.scrollToElement(HomePage.java:78)
at pages.HomePage.scrollToElement(HomePage.java:78)
at pages.HomePage.scrollToElement(HomePage.java:78)
at pages.HomePage.scrollToElement(HomePage.java:78)
at pages.HomePage.scrollToElement(HomePage.java:78)
at pages.HomePage.scrollToElement(HomePage.java:78)
at pages.HomePage.scrollToElement(HomePage.java:78)
at pages.HomePage.scrollToElement(HomePage.java:78)
at pages.HomePage.scrollToElement(HomePage.java:78)
at pages.HomePage.scrollToElement(HomePage.java:78)
at pages.HomePage.scrollToElement(HomePage.java:78)
at pages.HomePage.scrollToElement(HomePage.java:78)
at pages.HomePage.scrollToElement(HomePage.java:78)
at pages.HomePage.scrollToElement(HomePage.java:78)
at pages.HomePage.scrollToElement(HomePage.java:78)
at pages.HomePage.scrollToElement(HomePage.java:78)
at pages.HomePage.scrollToElement(HomePage.java:78)
at pages.HomePage.scrollToElement(HomePage.java:78)
at pages.HomePage.scrollToElement(HomePage.java:78)
at pages.HomePage.scrollToElement(HomePage.java:78)
at pages.HomePage.scrollToElement(HomePage.java:78)
at pages.HomePage.scrollToElement(HomePage.java:78)
at pages.HomePage.scrollToElement(HomePage.java:78)
at pages.HomePage.scrollToElement(HomePage.java:78)
at pages.HomePage.scrollToElement(HomePage.java:78)
at pages.HomePage.scrollToElement(HomePage.java:78)
at pages.HomePage.scrollToElement(HomePage.java:78)
at pages.HomePage.scrollToElement(HomePage.java:78)
at pages.HomePage.scrollToElement(HomePage.java:78)
at pages.HomePage.scrollToElement(HomePage.java:78)
at pages.HomePage.scrollToElement(HomePage.java:78)
at pages.HomePage.scrollToElement(HomePage.java:78)
at pages.HomePage.scrollToElement(HomePage.java:78)
at pages.HomePage.scrollToElement(HomePage.java:78)
at pages.HomePage.scrollToElement(HomePage.java:78)
at pages.HomePage.scrollToElement(HomePage.java:78)
at pages.HomePage.scrollToElement(HomePage.java:78)
at pages.HomePage.scrollToElement(HomePage.java:78)
at pages.HomePage.scrollToElement(HomePage.java:78)
at pages.HomePage.scrollToElement(HomePage.java:78)
at pages.HomePage.scrollToElement(HomePage.java:78)
at pages.HomePage.scrollToElement(HomePage.java:78)
at pages.HomePage.scrollToElement(HomePage.java:78)
at pages.HomePage.scrollToElement(HomePage.java:78)
at pages.HomePage.scrollToElement(HomePage.java:78)
at pages.HomePage.scrollToElement(HomePage.java:78)
at pages.HomePage.scrollToElement(HomePage.java:78)
at pages.HomePage.scrollToElement(HomePage.java:78)
at pages.HomePage.scrollToElement(HomePage.java:78)
at pages.HomePage.scrollToElement(HomePage.java:78)
at pages.HomePage.scrollToElement(HomePage.java:78)
at pages.HomePage.scrollToElement(HomePage.java:78)
at pages.HomePage.scrollToElement(HomePage.java:78)
at pages.HomePage.scrollToElement(HomePage.java:78)
at pages.HomePage.scrollToElement(HomePage.java:78)
at pages.HomePage.scrollToElement(HomePage.java:78)
at pages.HomePage.scrollToElement(HomePage.java:78)
at pages.HomePage.scrollToElement(HomePage.java:78)
at pages.HomePage.scrollToElement(HomePage.java:78)
at pages.HomePage.scrollToElement(HomePage.java:78)
at pages.HomePage.scrollToElement(HomePage.java:78)
at pages.HomePage.scrollToElement(HomePage.java:78)
at pages.HomePage.scrollToElement(HomePage.java:78)
at pages.HomePage.scrollToElement(HomePage.java:78)
at pages.HomePage.scrollToElement(HomePage.java:78)
at pages.HomePage.scrollToElement(HomePage.java:78)
at pages.HomePage.scrollToElement(HomePage.java:78)
at pages.HomePage.scrollToElement(HomePage.java:78)
at pages.HomePage.scrollToElement(HomePage.java:78)
at pages.HomePage.scrollToElement(HomePage.java:78)
at pages.HomePage.scrollToElement(HomePage.java:78)
at pages.HomePage.scrollToElement(HomePage.java:78)
at pages.HomePage.scrollToElement(HomePage.java:78)
at pages.HomePage.scrollToElement(HomePage.java:78)
at pages.HomePage.scrollToElement(HomePage.java:78)
at pages.HomePage.scrollToElement(HomePage.java:78)
at pages.HomePage.scrollToElement(HomePage.java:78)
at pages.HomePage.scrollToElement(HomePage.java:78)
at pages.HomePage.scrollToElement(HomePage.java:78)
at pages.HomePage.scrollToElement(HomePage.java:78)
at pages.HomePage.scrollToElement(HomePage.java:78)
at pages.HomePage.scrollToElement(HomePage.java:78)
at pages.HomePage.scrollToElement(HomePage.java:78)
at pages.HomePage.scrollToElement(HomePage.java:78)
at pages.HomePage.scrollToElement(HomePage.java:78)
at pages.HomePage.scrollToElement(HomePage.java:78)
at pages.HomePage.scrollToElement(HomePage.java:78)
at pages.HomePage.scrollToElement(HomePage.java:78)
at pages.HomePage.scrollToElement(HomePage.java:78)
at pages.HomePage.scrollToElement(HomePage.java:78)
at pages.HomePage.scrollToElement(HomePage.java:78)
at pages.HomePage.scrollToElement(HomePage.java:78)
at pages.HomePage.scrollToElement(HomePage.java:78)
at pages.HomePage.scrollToElement(HomePage.java:78)
at pages.HomePage.scrollToElement(HomePage.java:78)
at pages.HomePage.scrollToElement(HomePage.java:78)
at pages.HomePage.scrollToElement(HomePage.java:78)
at pages.HomePage.scrollToElement(HomePage.java:78)
at pages.HomePage.scrollToElement(HomePage.java:78)
at pages.HomePage.scrollToElement(HomePage.java:78)
at pages.HomePage.scrollToElement(HomePage.java:78)
at pages.HomePage.scrollToElement(HomePage.java:78)
at pages.HomePage.scrollToElement(HomePage.java:78)
at pages.HomePage.scrollToElement(HomePage.java:78)
at pages.HomePage.scrollToElement(HomePage.java:78)
at pages.HomePage.scrollToElement(HomePage.java:78)
at pages.HomePage.scrollToElement(HomePage.java:78)
at pages.HomePage.scrollToElement(HomePage.java:78)
at pages.HomePage.scrollToElement(HomePage.java:78)
at pages.HomePage.scrollToElement(HomePage.java:78)
at pages.HomePage.scrollToElement(HomePage.java:78)
at pages.HomePage.scrollToElement(HomePage.java:78)
at pages.HomePage.scrollToElement(HomePage.java:78)
at pages.HomePage.scrollToElement(HomePage.java:78)
at pages.HomePage.scrollToElement(HomePage.java:78)
at pages.HomePage.scrollToElement(HomePage.java:78)
at pages.HomePage.scrollToElement(HomePage.java:78)
at pages.HomePage.scrollToElement(HomePage.java:78)
at pages.HomePage.scrollToElement(HomePage.java:78)
at pages.HomePage.scrollToElement(HomePage.java:78)
at pages.HomePage.scrollToElement(HomePage.java:78)
at pages.HomePage.scrollToElement(HomePage.java:78)
at pages.HomePage.scrollToElement(HomePage.java:78)
at pages.HomePage.scrollToElement(HomePage.java:78)
at pages.HomePage.scrollToElement(HomePage.java:78)
at pages.HomePage.scrollToElement(HomePage.java:78)
at pages.HomePage.scrollToElement(HomePage.java:78)
at pages.HomePage.scrollToElement(HomePage.java:78)
at pages.HomePage.scrollToElement(HomePage.java:78)
at pages.HomePage.scrollToElement(HomePage.java:78)
at pages.HomePage.scrollToElement(HomePage.java:78)
at pages.HomePage.scrollToElement(HomePage.java:78)
at pages.HomePage.scrollToElement(HomePage.java:78)
at pages.HomePage.scrollToElement(HomePage.java:78)
at pages.HomePage.scrollToElement(HomePage.java:78)
at pages.HomePage.scrollToElement(HomePage.java:78)
at pages.HomePage.scrollToElement(HomePage.java:78)
at pages.HomePage.scrollToElement(HomePage.java:78)
at pages.HomePage.scrollToElement(HomePage.java:78)
at pages.HomePage.scrollToElement(HomePage.java:78)
at pages.HomePage.scrollToElement(HomePage.java:78)
at pages.HomePage.scrollToElement(HomePage.java:78)
at pages.HomePage.scrollToElement(HomePage.java:78)
at pages.HomePage.scrollToElement(HomePage.java:78)
at pages.HomePage.scrollToElement(HomePage.java:78)
at pages.HomePage.scrollToElement(HomePage.java:78)
at pages.HomePage.scrollToElement(HomePage.java:78)
at pages.HomePage.scrollToElement(HomePage.java:78)
at pages.HomePage.scrollToElement(HomePage.java:78)
at pages.HomePage.scrollToElement(HomePage.java:78)
at pages.HomePage.scrollToElement(HomePage.java:78)
at pages.HomePage.scrollToElement(HomePage.java:78)
at pages.HomePage.scrollToElement(HomePage.java:78)
at pages.HomePage.scrollToElement(HomePage.java:78)
at pages.HomePage.scrollToElement(HomePage.java:78)
at pages.HomePage.scrollToElement(HomePage.java:78)
at pages.HomePage.scrollToElement(HomePage.java:78)
at pages.HomePage.scrollToElement(HomePage.java:78)
at pages.HomePage.scrollToElement(HomePage.java:78)
at pages.HomePage.scrollToElement(HomePage.java:78)
at pages.HomePage.scrollToElement(HomePage.java:78)
at pages.HomePage.scrollToElement(HomePage.java:78)
at pages.HomePage.scrollToElement(HomePage.java:78)
at pages.HomePage.scrollToElement(HomePage.java:78)
at pages.HomePage.scrollToElement(HomePage.java:78)
at pages.HomePage.scrollToElement(HomePage.java:78)
at pages.HomePage.scrollToElement(HomePage.java:78)
at pages.HomePage.scrollToElement(HomePage.java:78)
at pages.HomePage.scrollToElement(HomePage.java:78)
at pages.HomePage.scrollToElement(HomePage.java:78)
at pages.HomePage.scrollToElement(HomePage.java:78)
at pages.HomePage.scrollToElement(HomePage.java:78)
at pages.HomePage.scrollToElement(HomePage.java:78)
at pages.HomePage.scrollToElement(HomePage.java:78)
at pages.HomePage.scrollToElement(HomePage.java:78)
at pages.HomePage.scrollToElement(HomePage.java:78)
at pages.HomePage.scrollToElement(HomePage.java:78)
at pages.HomePage.scrollToElement(HomePage.java:78)
at pages.HomePage.scrollToElement(HomePage.java:78)
at pages.HomePage.scrollToElement(HomePage.java:78)
at pages.HomePage.scrollToElement(HomePage.java:78)
at pages.HomePage.scrollToElement(HomePage.java:78)
at pages.HomePage.scrollToElement(HomePage.java:78)
at pages.HomePage.scrollToElement(HomePage.java:78)
at pages.HomePage.scrollToElement(HomePage.java:78)
at pages.HomePage.scrollToElement(HomePage.java:78)
at pages.HomePage.scrollToElement(HomePage.java:78)
at pages.HomePage.scrollToElement(HomePage.java:78)
at pages.HomePage.scrollToElement(HomePage.java:78)
at pages.HomePage.scrollToElement(HomePage.java:78)
at pages.HomePage.scrollToElement(HomePage.java:78)
at pages.HomePage.scrollToElement(HomePage.java:78)
at pages.HomePage.scrollToElement(HomePage.java:78)
at pages.HomePage.scrollToElement(HomePage.java:78)
at pages.HomePage.scrollToElement(HomePage.java:78)
at pages.HomePage.scrollToElement(HomePage.java:78)
at pages.HomePage.scrollToElement(HomePage.java:78)
at pages.HomePage.scrollToElement(HomePage.java:78)
at pages.HomePage.scrollToElement(HomePage.java:78)
at pages.HomePage.scrollToElement(HomePage.java:78)
at pages.HomePage.scrollToElement(HomePage.java:78)
at pages.HomePage.scrollToElement(HomePage.java:78)
at pages.HomePage.scrollToElement(HomePage.java:78)
at pages.HomePage.scrollToElement(HomePage.java:78)
at pages.HomePage.scrollToElement(HomePage.java:78)
at pages.HomePage.scrollToElement(HomePage.java:78)
at pages.HomePage.scrollToElement(HomePage.java:78)
at pages.HomePage.scrollToElement(HomePage.java:78)
at pages.HomePage.scrollToElement(HomePage.java:78)
at pages.HomePage.scrollToElement(HomePage.java:78)
at pages.HomePage.scrollToElement(HomePage.java:78)
at pages.HomePage.scrollToElement(HomePage.java:78)
at pages.HomePage.scrollToElement(HomePage.java:78)
at pages.HomePage.scrollToElement(HomePage.java:78)
at pages.HomePage.scrollToElement(HomePage.java:78)
at pages.HomePage.scrollToElement(HomePage.java:78)
at pages.HomePage.scrollToElement(HomePage.java:78)
at pages.HomePage.scrollToElement(HomePage.java:78)
at pages.HomePage.scrollToElement(HomePage.java:78)
at pages.HomePage.scrollToElement(HomePage.java:78)
at pages.HomePage.scrollToElement(HomePage.java:78)
at pages.HomePage.scrollToElement(HomePage.java:78)
at pages.HomePage.scrollToElement(HomePage.java:78)
at pages.HomePage.scrollToElement(HomePage.java:78)
at pages.HomePage.scrollToElement(HomePage.java:78)
at pages.HomePage.scrollToElement(HomePage.java:78)
at pages.HomePage.scrollToElement(HomePage.java:78)
at pages.HomePage.scrollToElement(HomePage.java:78)
at pages.HomePage.scrollToElement(HomePage.java:78)
at pages.HomePage.scrollToElement(HomePage.java:78)
at pages.HomePage.scrollToElement(HomePage.java:78)
at pages.HomePage.scrollToElement(HomePage.java:78)
at pages.HomePage.scrollToElement(HomePage.java:78)
at pages.HomePage.scrollToElement(HomePage.java:78)
at pages.HomePage.scrollToElement(HomePage.java:78)
at pages.HomePage.scrollToElement(HomePage.java:78)
at pages.HomePage.scrollToElement(HomePage.java:78)
at pages.HomePage.scrollToElement(HomePage.java:78)
at pages.HomePage.scrollToElement(HomePage.java:78)
at pages.HomePage.scrollToElement(HomePage.java:78)
at pages.HomePage.scrollToElement(HomePage.java:78)
at pages.HomePage.scrollToElement(HomePage.java:78)
at pages.HomePage.scrollToElement(HomePage.java:78)
at pages.HomePage.scrollToElement(HomePage.java:78)
at pages.HomePage.scrollToElement(HomePage.java:78)
at pages.HomePage.scrollToElement(HomePage.java:78)
at pages.HomePage.scrollToElement(HomePage.java:78)
at pages.HomePage.scrollToElement(HomePage.java:78)
at pages.HomePage.scrollToElement(HomePage.java:78)
at pages.HomePage.scrollToElement(HomePage.java:78)
at pages.HomePage.scrollToElement(HomePage.java:78)
at pages.HomePage.scrollToElement(HomePage.java:78)
at pages.HomePage.scrollToElement(HomePage.java:78)
at pages.HomePage.scrollToElement(HomePage.java:78)
at pages.HomePage.scrollToElement(HomePage.java:78)
at pages.HomePage.scrollToElement(HomePage.java:78)
at pages.HomePage.scrollToElement(HomePage.java:78)
at pages.HomePage.scrollToElement(HomePage.java:78)
at pages.HomePage.scrollToElement(HomePage.java:78)
at pages.HomePage.scrollToElement(HomePage.java:78)
at pages.HomePage.scrollToElement(HomePage.java:78)
at pages.HomePage.scrollToElement(HomePage.java:78)
at pages.HomePage.scrollToElement(HomePage.java:78)
at pages.HomePage.scrollToElement(HomePage.java:78)
at pages.HomePage.scrollToElement(HomePage.java:78)
at pages.HomePage.scrollToElement(HomePage.java:78)
at pages.HomePage.scrollToElement(HomePage.java:78)
at pages.HomePage.scrollToElement(HomePage.java:78)
at pages.HomePage.scrollToElement(HomePage.java:78)
at pages.HomePage.scrollToElement(HomePage.java:78)
at pages.HomePage.scrollToElement(HomePage.java:78)
at pages.HomePage.scrollToElement(HomePage.java:78)
at pages.HomePage.scrollToElement(HomePage.java:78)
at pages.HomePage.scrollToElement(HomePage.java:78)
at pages.HomePage.scrollToElement(HomePage.java:78)
at pages.HomePage.scrollToElement(HomePage.java:78)
at pages.HomePage.scrollToElement(HomePage.java:78)
at pages.HomePage.scrollToElement(HomePage.java:78)
at pages.HomePage.scrollToElement(HomePage.java:78)
at pages.HomePage.scrollToElement(HomePage.java:78)
at pages.HomePage.scrollToElement(HomePage.java:78)
at pages.HomePage.scrollToElement(HomePage.java:78)
at pages.HomePage.scrollToElement(HomePage.java:78)
at pages.HomePage.scrollToElement(HomePage.java:78)
at pages.HomePage.scrollToElement(HomePage.java:78)
at pages.HomePage.scrollToElement(HomePage.java:78)
at pages.HomePage.scrollToElement(HomePage.java:78)
at pages.HomePage.scrollToElement(HomePage.java:78)
at pages.HomePage.scrollToElement(HomePage.java:78)
at pages.HomePage.scrollToElement(HomePage.java:78)
at pages.HomePage.scrollToElement(HomePage.java:78)
at pages.HomePage.scrollToElement(HomePage.java:78)
at pages.HomePage.scrollToElement(HomePage.java:78)
at pages.HomePage.scrollToElement(HomePage.java:78)
at pages.HomePage.scrollToElement(HomePage.java:78)
at pages.HomePage.scrollToElement(HomePage.java:78)
at pages.HomePage.scrollToElement(HomePage.java:78)
at pages.HomePage.scrollToElement(HomePage.java:78)
at pages.HomePage.scrollToElement(HomePage.java:78)
at pages.HomePage.scrollToElement(HomePage.java:78)
at pages.HomePage.scrollToElement(HomePage.java:78)
at pages.HomePage.scrollToElement(HomePage.java:78)
at pages.HomePage.scrollToElement(HomePage.java:78)
at pages.HomePage.scrollToElement(HomePage.java:78)
at pages.HomePage.scrollToElement(HomePage.java:78)
at pages.HomePage.scrollToElement(HomePage.java:78)
at pages.HomePage.scrollToElement(HomePage.java:78)
at pages.HomePage.scrollToElement(HomePage.java:78)
at pages.HomePage.scrollToElement(HomePage.java:78)
at pages.HomePage.scrollToElement(HomePage.java:78)
at pages.HomePage.scrollToElement(HomePage.java:78)
at pages.HomePage.scrollToElement(HomePage.java:78)
at pages.HomePage.scrollToElement(HomePage.java:78)
at pages.HomePage.scrollToElement(HomePage.java:78)
at pages.HomePage.scrollToElement(HomePage.java:78)
at pages.HomePage.scrollToElement(HomePage.java:78)
at pages.HomePage.scrollToElement(HomePage.java:78)
at pages.HomePage.scrollToElement(HomePage.java:78)
at pages.HomePage.scrollToElement(HomePage.java:78)
at pages.HomePage.scrollToElement(HomePage.java:78)
at pages.HomePage.scrollToElement(HomePage.java:78)
at pages.HomePage.scrollToElement(HomePage.java:78)
at pages.HomePage.scrollToElement(HomePage.java:78)
at pages.HomePage.scrollToElement(HomePage.java:78)
at pages.HomePage.scrollToElement(HomePage.java:78)
at pages.HomePage.scrollToElement(HomePage.java:78)
at pages.HomePage.scrollToElement(HomePage.java:78)
at pages.HomePage.scrollToElement(HomePage.java:78)
at pages.HomePage.scrollToElement(HomePage.java:78)
at pages.HomePage.scrollToElement(HomePage.java:78)
at pages.HomePage.scrollToElement(HomePage.java:78)
at pages.HomePage.scrollToElement(HomePage.java:78)
at pages.HomePage.scrollToElement(HomePage.java:78)
at pages.HomePage.scrollToElement(HomePage.java:78)
at pages.HomePage.scrollToElement(HomePage.java:78)
at pages.HomePage.scrollToElement(HomePage.java:78)
at pages.HomePage.scrollToElement(HomePage.java:78)
at pages.HomePage.scrollToElement(HomePage.java:78)
at pages.HomePage.scrollToElement(HomePage.java:78)
at pages.HomePage.scrollToElement(HomePage.java:78)
at pages.HomePage.scrollToElement(HomePage.java:78)
at pages.HomePage.scrollToElement(HomePage.java:78)
at pages.HomePage.scrollToElement(HomePage.java:78)
at pages.HomePage.scrollToElement(HomePage.java:78)
at pages.HomePage.scrollToElement(HomePage.java:78)
at pages.HomePage.scrollToElement(HomePage.java:78)
at pages.HomePage.scrollToElement(HomePage.java:78)
at pages.HomePage.scrollToElement(HomePage.java:78)
at pages.HomePage.scrollToElement(HomePage.java:78)
at pages.HomePage.scrollToElement(HomePage.java:78)
at pages.HomePage.scrollToElement(HomePage.java:78)
at pages.HomePage.scrollToElement(HomePage.java:78)
at pages.HomePage.scrollToElement(HomePage.java:78)
at pages.HomePage.scrollToElement(HomePage.java:78)
at pages.HomePage.scrollToElement(HomePage.java:78)
at pages.HomePage.scrollToElement(HomePage.java:78)
at pages.HomePage.scrollToElement(HomePage.java:78)
at pages.HomePage.scrollToElement(HomePage.java:78)
at pages.HomePage.scrollToElement(HomePage.java:78)
at pages.HomePage.scrollToElement(HomePage.java:78)
at pages.HomePage.scrollToElement(HomePage.java:78)
at pages.HomePage.scrollToElement(HomePage.java:78)
at pages.HomePage.scrollToElement(HomePage.java:78)
at pages.HomePage.scrollToElement(HomePage.java:78)
at pages.HomePage.scrollToElement(HomePage.java:78)
at pages.HomePage.scrollToElement(HomePage.java:78)
at pages.HomePage.scrollToElement(HomePage.java:78)
at pages.HomePage.scrollToElement(HomePage.java:78)
at pages.HomePage.scrollToElement(HomePage.java:78)
at pages.HomePage.scrollToElement(HomePage.java:78)
at pages.HomePage.scrollToElement(HomePage.java:78)
at pages.HomePage.scrollToElement(HomePage.java:78)
at pages.HomePage.scrollToElement(HomePage.java:78)
at pages.HomePage.scrollToElement(HomePage.java:78)
at pages.HomePage.scrollToElement(HomePage.java:78)
at pages.HomePage.scrollToElement(HomePage.java:78)
at pages.HomePage.scrollToElement(HomePage.java:78)
at pages.HomePage.scrollToElement(HomePage.java:78)
at pages.HomePage.scrollToElement(HomePage.java:78)
at pages.HomePage.scrollToElement(HomePage.java:78)
at pages.HomePage.scrollToElement(HomePage.java:78)
at pages.HomePage.scrollToElement(HomePage.java:78)
at pages.HomePage.scrollToElement(HomePage.java:78)
at pages.HomePage.scrollToElement(HomePage.java:78)
at pages.HomePage.scrollToElement(HomePage.java:78)
at pages.HomePage.scrollToElement(HomePage.java:78)
at pages.HomePage.scrollToElement(HomePage.java:78)
at pages.HomePage.scrollToElement(HomePage.java:78)
at pages.HomePage.scrollToElement(HomePage.java:78)
at pages.HomePage.scrollToElement(HomePage.java:78)
at pages.HomePage.scrollToElement(HomePage.java:78)
at pages.HomePage.scrollToElement(HomePage.java:78)
at pages.HomePage.scrollToElement(HomePage.java:78)
at pages.HomePage.scrollToElement(HomePage.java:78)
at pages.HomePage.scrollToElement(HomePage.java:78)
at pages.HomePage.scrollToElement(HomePage.java:78)
at pages.HomePage.scrollToElement(HomePage.java:78)
at pages.HomePage.scrollToElement(HomePage.java:78)
at pages.HomePage.scrollToElement(HomePage.java:78)
at pages.HomePage.scrollToElement(HomePage.java:78)
at pages.HomePage.scrollToElement(HomePage.java:78)
at pages.HomePage.scrollToElement(HomePage.java:78)
at pages.HomePage.scrollToElement(HomePage.java:78)
at pages.HomePage.scrollToElement(HomePage.java:78)
at pages.HomePage.scrollToElement(HomePage.java:78)
at pages.HomePage.scrollToElement(HomePage.java:78)
at pages.HomePage.scrollToElement(HomePage.java:78)
at pages.HomePage.scrollToElement(HomePage.java:78)
at pages.HomePage.scrollToElement(HomePage.java:78)
at pages.HomePage.scrollToElement(HomePage.java:78)
at pages.HomePage.scrollToElement(HomePage.java:78)
at pages.HomePage.scrollToElement(HomePage.java:78)
at pages.HomePage.scrollToElement(HomePage.java:78)
at pages.HomePage.scrollToElement(HomePage.java:78)
at pages.HomePage.scrollToElement(HomePage.java:78)
at pages.HomePage.scrollToElement(HomePage.java:78)
at pages.HomePage.scrollToElement(HomePage.java:78)
at pages.HomePage.scrollToElement(HomePage.java:78)
at pages.HomePage.scrollToElement(HomePage.java:78)
at pages.HomePage.scrollToElement(HomePage.java:78)
at pages.HomePage.scrollToElement(HomePage.java:78)
at pages.HomePage.scrollToElement(HomePage.java:78)
at pages.HomePage.scrollToElement(HomePage.java:78)
at pages.HomePage.scrollToElement(HomePage.java:78)
at pages.HomePage.scrollToElement(HomePage.java:78)
at pages.HomePage.scrollToElement(HomePage.java:78)
at pages.HomePage.scrollToElement(HomePage.java:78)
at pages.HomePage.scrollToElement(HomePage.java:78)
at pages.HomePage.scrollToElement(HomePage.java:78)
at pages.HomePage.scrollToElement(HomePage.java:78)
at pages.HomePage.scrollToElement(HomePage.java:78)
at pages.HomePage.scrollToElement(HomePage.java:78)
at pages.HomePage.scrollToElement(HomePage.java:78)
at pages.HomePage.scrollToElement(HomePage.java:78)
at pages.HomePage.scrollToElement(HomePage.java:78)
at pages.HomePage.scrollToElement(HomePage.java:78)
at pages.HomePage.scrollToElement(HomePage.java:78)
at pages.HomePage.scrollToElement(HomePage.java:78)
at pages.HomePage.scrollToElement(HomePage.java:78)
at pages.HomePage.scrollToElement(HomePage.java:78)
at pages.HomePage.scrollToElement(HomePage.java:78)
at pages.HomePage.scrollToElement(HomePage.java:78)
at pages.HomePage.scrollToElement(HomePage.java:78)
at pages.HomePage.scrollToElement(HomePage.java:78)
at pages.HomePage.scrollToElement(HomePage.java:78)
at pages.HomePage.scrollToElement(HomePage.java:78)
at pages.HomePage.scrollToElement(HomePage.java:78)
at pages.HomePage.scrollToElement(HomePage.java:78)
at pages.HomePage.scrollToElement(HomePage.java:78)
at pages.HomePage.scrollToElement(HomePage.java:78)
at pages.HomePage.scrollToElement(HomePage.java:78)
at pages.HomePage.scrollToElement(HomePage.java:78)
at pages.HomePage.scrollToElement(HomePage.java:78)
at pages.HomePage.scrollToElement(HomePage.java:78)
at pages.HomePage.scrollToElement(HomePage.java:78)
at pages.HomePage.scrollToElement(HomePage.java:78)
at pages.HomePage.scrollToElement(HomePage.java:78)
at pages.HomePage.scrollToElement(HomePage.java:78)
at pages.HomePage.scrollToElement(HomePage.java:78)
at pages.HomePage.scrollToElement(HomePage.java:78)
at pages.HomePage.scrollToElement(HomePage.java:78)
at pages.HomePage.scrollToElement(HomePage.java:78)
at pages.HomePage.scrollToElement(HomePage.java:78)
at pages.HomePage.scrollToElement(HomePage.java:78)
at pages.HomePage.scrollToElement(HomePage.java:78)
at pages.HomePage.scrollToElement(HomePage.java:78)
at pages.HomePage.scrollToElement(HomePage.java:78)
at pages.HomePage.scrollToElement(HomePage.java:78)
at pages.HomePage.scrollToElement(HomePage.java:78)
at pages.HomePage.scrollToElement(HomePage.java:78)
at pages.HomePage.scrollToElement(HomePage.java:78)
at pages.HomePage.scrollToElement(HomePage.java:78)
at pages.HomePage.scrollToElement(HomePage.java:78)
at pages.HomePage.scrollToElement(HomePage.java:78)
at pages.HomePage.scrollToElement(HomePage.java:78)
at pages.HomePage.scrollToElement(HomePage.java:78)
at pages.HomePage.scrollToElement(HomePage.java:78)
at pages.HomePage.scrollToElement(HomePage.java:78)
at pages.HomePage.scrollToElement(HomePage.java:78)
at pages.HomePage.scrollToElement(HomePage.java:78)
at pages.HomePage.scrollToElement(HomePage.java:78)
at pages.HomePage.scrollToElement(HomePage.java:78)
at pages.HomePage.scrollToElement(HomePage.java:78)
at pages.HomePage.scrollToElement(HomePage.java:78)
at pages.HomePage.scrollToElement(HomePage.java:78)
at pages.HomePage.scrollToElement(HomePage.java:78)
at pages.HomePage.scrollToElement(HomePage.java:78)
at pages.HomePage.scrollToElement(HomePage.java:78)
at pages.HomePage.scrollToElement(HomePage.java:78)
at pages.HomePage.scrollToElement(HomePage.java:78)
at pages.HomePage.scrollToElement(HomePage.java:78)
at pages.HomePage.scrollToElement(HomePage.java:78)
at pages.HomePage.scrollToElement(HomePage.java:78)
at pages.HomePage.scrollToElement(HomePage.java:78)
at pages.HomePage.scrollToElement(HomePage.java:78)
at pages.HomePage.scrollToElement(HomePage.java:78)
at pages.HomePage.scrollToElement(HomePage.java:78)
at pages.HomePage.scrollToElement(HomePage.java:78)
at pages.HomePage.scrollToElement(HomePage.java:78)
at pages.HomePage.scrollToElement(HomePage.java:78)
at pages.HomePage.scrollToElement(HomePage.java:78)
at pages.HomePage.scrollToElement(HomePage.java:78)
at pages.HomePage.scrollToElement(HomePage.java:78)
at pages.HomePage.scrollToElement(HomePage.java:78)
at pages.HomePage.scrollToElement(HomePage.java:78)
at pages.HomePage.scrollToElement(HomePage.java:78)
at pages.HomePage.scrollToElement(HomePage.java:78)
at pages.HomePage.scrollToElement(HomePage.java:78)
at pages.HomePage.scrollToElement(HomePage.java:78)
at pages.HomePage.scrollToElement(HomePage.java:78)
at pages.HomePage.scrollToElement(HomePage.java:78)
at pages.HomePage.scrollToElement(HomePage.java:78)
at pages.HomePage.scrollToElement(HomePage.java:78)
at pages.HomePage.scrollToElement(HomePage.java:78)
at pages.HomePage.scrollToElement(HomePage.java:78)
at pages.HomePage.scrollToElement(HomePage.java:78)
at pages.HomePage.scrollToElement(HomePage.java:78)
at pages.HomePage.scrollToElement(HomePage.java:78)
at pages.HomePage.scrollToElement(HomePage.java:78)
at pages.HomePage.scrollToElement(HomePage.java:78)
at pages.HomePage.scrollToElement(HomePage.java:78)
at pages.HomePage.scrollToElement(HomePage.java:78)
at pages.HomePage.scrollToElement(HomePage.java:78)
at pages.HomePage.scrollToElement(HomePage.java:78)
at pages.HomePage.scrollToElement(HomePage.java:78)
at pages.HomePage.scrollToElement(HomePage.java:78)
at pages.HomePage.scrollToElement(HomePage.java:78)
at pages.HomePage.scrollToElement(HomePage.java:78)
at pages.HomePage.scrollToElement(HomePage.java:78)
at pages.HomePage.scrollToElement(HomePage.java:78)
at pages.HomePage.scrollToElement(HomePage.java:78)
at pages.HomePage.scrollToElement(HomePage.java:78)
at pages.HomePage.scrollToElement(HomePage.java:78)
at pages.HomePage.scrollToElement(HomePage.java:78)
at pages.HomePage.scrollToElement(HomePage.java:78)
at pages.HomePage.scrollToElement(HomePage.java:78)
at pages.HomePage.scrollToElement(HomePage.java:78)
at pages.HomePage.scrollToElement(HomePage.java:78)
at pages.HomePage.scrollToElement(HomePage.java:78)
at pages.HomePage.scrollToElement(HomePage.java:78)
at pages.HomePage.scrollToElement(HomePage.java:78)
at pages.HomePage.scrollToElement(HomePage.java:78)
at pages.HomePage.scrollToElement(HomePage.java:78)
at pages.HomePage.scrollToElement(HomePage.java:78)
at pages.HomePage.scrollToElement(HomePage.java:78)
at pages.HomePage.scrollToElement(HomePage.java:78)
at pages.HomePage.scrollToElement(HomePage.java:78)
at pages.HomePage.scrollToElement(HomePage.java:78)
at pages.HomePage.scrollToElement(HomePage.java:78)
at pages.HomePage.scrollToElement(HomePage.java:78)
at pages.HomePage.scrollToElement(HomePage.java:78)
at pages.HomePage.scrollToElement(HomePage.java:78)
at pages.HomePage.scrollToElement(HomePage.java:78)
at pages.HomePage.scrollToElement(HomePage.java:78)
at pages.HomePage.scrollToElement(HomePage.java:78)
at pages.HomePage.scrollToElement(HomePage.java:78)
at pages.HomePage.scrollToElement(HomePage.java:78)
at pages.HomePage.scrollToElement(HomePage.java:78)
at pages.HomePage.scrollToElement(HomePage.java:78)
at pages.HomePage.scrollToElement(HomePage.java:78)
at pages.HomePage.scrollToElement(HomePage.java:78)
at pages.HomePage.scrollToElement(HomePage.java:78)
at pages.HomePage.scrollToElement(HomePage.java:78)
at pages.HomePage.scrollToElement(HomePage.java:78)
at pages.HomePage.scrollToElement(HomePage.java:78)
at pages.HomePage.scrollToElement(HomePage.java:78)
at pages.HomePage.scrollToElement(HomePage.java:78)
at pages.HomePage.scrollToElement(HomePage.java:78)
at pages.HomePage.scrollToElement(HomePage.java:78)
at pages.HomePage.scrollToElement(HomePage.java:78)
at pages.HomePage.scrollToElement(HomePage.java:78)
at pages.HomePage.scrollToElement(HomePage.java:78)
at pages.HomePage.scrollToElement(HomePage.java:78)
at pages.HomePage.scrollToElement(HomePage.java:78)
at pages.HomePage.scrollToElement(HomePage.java:78)
at pages.HomePage.scrollToElement(HomePage.java:78)
at pages.HomePage.scrollToElement(HomePage.java:78)
at pages.HomePage.scrollToElement(HomePage.java:78)
at pages.HomePage.scrollToElement(HomePage.java:78)
at pages.HomePage.scrollToElement(HomePage.java:78)
at pages.HomePage.scrollToElement(HomePage.java:78)
at pages.HomePage.scrollToElement(HomePage.java:78)
at pages.HomePage.scrollToElement(HomePage.java:78)
at pages.HomePage.scrollToElement(HomePage.java:78)
at pages.HomePage.scrollToElement(HomePage.java:78)
at pages.HomePage.scrollToElement(HomePage.java:78)
at pages.HomePage.scrollToElement(HomePage.java:78)
at pages.HomePage.scrollToElement(HomePage.java:78)
at pages.HomePage.scrollToElement(HomePage.java:78)
at pages.HomePage.scrollToElement(HomePage.java:78)
at pages.HomePage.scrollToElement(HomePage.java:78)
at pages.HomePage.scrollToElement(HomePage.java:78)
at pages.HomePage.scrollToElement(HomePage.java:78)
at pages.HomePage.scrollToElement(HomePage.java:78)
at pages.HomePage.scrollToElement(HomePage.java:78)
at pages.HomePage.scrollToElement(HomePage.java:78)
at pages.HomePage.scrollToElement(HomePage.java:78)
at pages.HomePage.scrollToElement(HomePage.java:78)
at pages.HomePage.scrollToElement(HomePage.java:78)
at pages.HomePage.scrollToElement(HomePage.java:78)
at pages.HomePage.scrollToElement(HomePage.java:78)
at pages.HomePage.scrollToElement(HomePage.java:78)
at pages.HomePage.scrollToElement(HomePage.java:78)
at pages.HomePage.scrollToElement(HomePage.java:78)
at pages.HomePage.scrollToElement(HomePage.java:78)
at pages.HomePage.scrollToElement(HomePage.java:78)
at pages.HomePage.scrollToElement(HomePage.java:78)
at pages.HomePage.scrollToElement(HomePage.java:78)
at pages.HomePage.scrollToElement(HomePage.java:78)
at pages.HomePage.scrollToElement(HomePage.java:78)
at pages.HomePage.scrollToElement(HomePage.java:78)
at pages.HomePage.scrollToElement(HomePage.java:78)
at pages.HomePage.scrollToElement(HomePage.java:78)
at pages.HomePage.scrollToElement(HomePage.java:78)
at pages.HomePage.scrollToElement(HomePage.java:78)
at pages.HomePage.scrollToElement(HomePage.java:78)
at pages.HomePage.scrollToElement(HomePage.java:78)
at pages.HomePage.scrollToElement(HomePage.java:78)
at pages.HomePage.scrollToElement(HomePage.java:78)
at pages.HomePage.scrollToElement(HomePage.java:78)
at pages.HomePage.scrollToElement(HomePage.java:78)
at pages.HomePage.scrollToElement(HomePage.java:78)
at pages.HomePage.scrollToElement(HomePage.java:78)
at pages.HomePage.scrollToElement(HomePage.java:78)
at pages.HomePage.scrollToElement(HomePage.java:78)
at pages.HomePage.scrollToElement(HomePage.java:78)
at pages.HomePage.scrollToElement(HomePage.java:78)
at pages.HomePage.scrollToElement(HomePage.java:78)
at pages.HomePage.scrollToElement(HomePage.java:78)
at pages.HomePage.scrollToElement(HomePage.java:78)
at pages.HomePage.scrollToElement(HomePage.java:78)
at pages.HomePage.scrollToElement(HomePage.java:78)
at pages.HomePage.scrollToElement(HomePage.java:78)
at pages.HomePage.scrollToElement(HomePage.java:78)
at pages.HomePage.scrollToElement(HomePage.java:78)
at pages.HomePage.scrollToElement(HomePage.java:78)
at pages.HomePage.scrollToElement(HomePage.java:78)
at pages.HomePage.scrollToElement(HomePage.java:78)
at pages.HomePage.scrollToElement(HomePage.java:78)
at pages.HomePage.scrollToElement(HomePage.java:78)
at pages.HomePage.scrollToElement(HomePage.java:78)
at pages.HomePage.scrollToElement(HomePage.java:78)
at pages.HomePage.scrollToElement(HomePage.java:78)
at pages.HomePage.scrollToElement(HomePage.java:78)
at pages.HomePage.scrollToElement(HomePage.java:78)
at pages.HomePage.scrollToElement(HomePage.java:78)
at pages.HomePage.scrollToElement(HomePage.java:78)
at pages.HomePage.scrollToElement(HomePage.java:78)
at pages.HomePage.scrollToElement(HomePage.java:78)
at pages.HomePage.scrollToElement(HomePage.java:78)
]]>
    </error>
  </testcase> <!-- test -->
</testsuite> <!-- tests.TestScroll -->
