<?xml version="1.0" encoding="UTF-8"?>
<!-- Generated by org.testng.reporters.JUnitReportReporter -->
<testsuite hostname="MuhammedAtya" failures="0" tests="1" name="tests.SearchProductUsingAutoSuggestTest" time="3.258" errors="0" timestamp="2024-05-04T18:22:32 EEST" skipped="0">
  <testcase classname="tests.SearchProductUsingAutoSuggestTest" name="UserCanSearchWithAutoSuggest" time="3.258"/>
</testsuite> <!-- tests.SearchProductUsingAutoSuggestTest -->
