<?xml version="1.0" encoding="UTF-8"?>
<!-- Generated by org.testng.reporters.JUnitReportReporter -->
<testsuite hostname="MuhammedAtya" failures="0" tests="2" name="tests.UserRegisterationTestDDTByDataProvider" time="8.841" errors="0" timestamp="2024-05-05T01:55:33 EEST" skipped="0">
  <testcase classname="tests.UserRegisterationTestDDTByDataProvider" name="UserCanRegister" time="4.899"/>
  <testcase classname="tests.UserRegisterationTestDDTByDataProvider" name="UserCanRegister" time="3.942"/>
</testsuite> <!-- tests.UserRegisterationTestDDTByDataProvider -->
