<?xml version="1.0" encoding="UTF-8"?>
<!-- Generated by org.testng.reporters.JUnitReportReporter -->
<testsuite hostname="MuhammedAtya" failures="0" tests="1" name="NewTest" time="0.010" errors="0" timestamp="2024-04-25T03:14:28 EET" skipped="0">
  <testcase classname="NewTest" name="f" time="0.010"/>
</testsuite> <!-- NewTest -->
