<?xml version="1.0" encoding="UTF-8"?>
<!-- Generated by org.testng.reporters.JUnitReportReporter -->
<testsuite hostname="MuhammedAtya" failures="0" tests="1" name="tests.UserRegisterationTestDDTByPropertiesFile" time="5.357" errors="0" timestamp="2024-05-05T02:47:16 EEST" skipped="0">
  <testcase classname="tests.UserRegisterationTestDDTByPropertiesFile" name="UserCanRegister" time="5.357"/>
</testsuite> <!-- tests.UserRegisterationTestDDTByPropertiesFile -->
